Compiling the C compiler identification source file "CMakeCCompilerId.c" failed.
Compiler: D:/3152sdk2022/sysroots/x86_64-pokysdk-mingw32/usr/bin/x86_64-pxc-linux/x86_64-pxc-linux-gcc.exe 
Build flags: -m64;-march=nehalem;-mtune=generic;-mfpmath=sse;-msse4.2;-fomit-frame-pointer
Id flags:  

The output was:
1
d:/3152sdk2022/sysroots/x86_64-pokysdk-mingw32/usr/bin/x86_64-pxc-linux/../../libexec/x86_64-pxc-linux/gcc/x86_64-pxc-linux/9.3.0/real-ld.exe: cannot find Scrt1.o: No such file or directory
d:/3152sdk2022/sysroots/x86_64-pokysdk-mingw32/usr/bin/x86_64-pxc-linux/../../libexec/x86_64-pxc-linux/gcc/x86_64-pxc-linux/9.3.0/real-ld.exe: cannot find crti.o: No such file or directory
d:/3152sdk2022/sysroots/x86_64-pokysdk-mingw32/usr/bin/x86_64-pxc-linux/../../libexec/x86_64-pxc-linux/gcc/x86_64-pxc-linux/9.3.0/real-ld.exe: cannot find crtbeginS.o: No such file or directory
d:/3152sdk2022/sysroots/x86_64-pokysdk-mingw32/usr/bin/x86_64-pxc-linux/../../libexec/x86_64-pxc-linux/gcc/x86_64-pxc-linux/9.3.0/real-ld.exe: cannot find -lgcc
d:/3152sdk2022/sysroots/x86_64-pokysdk-mingw32/usr/bin/x86_64-pxc-linux/../../libexec/x86_64-pxc-linux/gcc/x86_64-pxc-linux/9.3.0/real-ld.exe: cannot find -lgcc_s
d:/3152sdk2022/sysroots/x86_64-pokysdk-mingw32/usr/bin/x86_64-pxc-linux/../../libexec/x86_64-pxc-linux/gcc/x86_64-pxc-linux/9.3.0/real-ld.exe: cannot find -lc
d:/3152sdk2022/sysroots/x86_64-pokysdk-mingw32/usr/bin/x86_64-pxc-linux/../../libexec/x86_64-pxc-linux/gcc/x86_64-pxc-linux/9.3.0/real-ld.exe: cannot find -lgcc
d:/3152sdk2022/sysroots/x86_64-pokysdk-mingw32/usr/bin/x86_64-pxc-linux/../../libexec/x86_64-pxc-linux/gcc/x86_64-pxc-linux/9.3.0/real-ld.exe: cannot find -lgcc_s
d:/3152sdk2022/sysroots/x86_64-pokysdk-mingw32/usr/bin/x86_64-pxc-linux/../../libexec/x86_64-pxc-linux/gcc/x86_64-pxc-linux/9.3.0/real-ld.exe: cannot find crtendS.o: No such file or directory
d:/3152sdk2022/sysroots/x86_64-pokysdk-mingw32/usr/bin/x86_64-pxc-linux/../../libexec/x86_64-pxc-linux/gcc/x86_64-pxc-linux/9.3.0/real-ld.exe: cannot find crtn.o: No such file or directory
collect2.exe: error: ld returned 1 exit status


Compiling the CXX compiler identification source file "CMakeCXXCompilerId.cpp" failed.
Compiler: D:/3152sdk2022/sysroots/x86_64-pokysdk-mingw32/usr/bin/x86_64-pxc-linux/x86_64-pxc-linux-g++.exe 
Build flags: -std=c++11;-m64;-march=nehalem;-mtune=generic;-mfpmath=sse;-msse4.2;-fomit-frame-pointer;-pthread
Id flags:  

The output was:
1
d:/3152sdk2022/sysroots/x86_64-pokysdk-mingw32/usr/bin/x86_64-pxc-linux/../../libexec/x86_64-pxc-linux/gcc/x86_64-pxc-linux/9.3.0/real-ld.exe: cannot find Scrt1.o: No such file or directory
d:/3152sdk2022/sysroots/x86_64-pokysdk-mingw32/usr/bin/x86_64-pxc-linux/../../libexec/x86_64-pxc-linux/gcc/x86_64-pxc-linux/9.3.0/real-ld.exe: cannot find crti.o: No such file or directory
d:/3152sdk2022/sysroots/x86_64-pokysdk-mingw32/usr/bin/x86_64-pxc-linux/../../libexec/x86_64-pxc-linux/gcc/x86_64-pxc-linux/9.3.0/real-ld.exe: cannot find crtbeginS.o: No such file or directory
d:/3152sdk2022/sysroots/x86_64-pokysdk-mingw32/usr/bin/x86_64-pxc-linux/../../libexec/x86_64-pxc-linux/gcc/x86_64-pxc-linux/9.3.0/real-ld.exe: cannot find -lstdc++
d:/3152sdk2022/sysroots/x86_64-pokysdk-mingw32/usr/bin/x86_64-pxc-linux/../../libexec/x86_64-pxc-linux/gcc/x86_64-pxc-linux/9.3.0/real-ld.exe: cannot find -lm
d:/3152sdk2022/sysroots/x86_64-pokysdk-mingw32/usr/bin/x86_64-pxc-linux/../../libexec/x86_64-pxc-linux/gcc/x86_64-pxc-linux/9.3.0/real-ld.exe: cannot find -lgcc_s
d:/3152sdk2022/sysroots/x86_64-pokysdk-mingw32/usr/bin/x86_64-pxc-linux/../../libexec/x86_64-pxc-linux/gcc/x86_64-pxc-linux/9.3.0/real-ld.exe: cannot find -lgcc
d:/3152sdk2022/sysroots/x86_64-pokysdk-mingw32/usr/bin/x86_64-pxc-linux/../../libexec/x86_64-pxc-linux/gcc/x86_64-pxc-linux/9.3.0/real-ld.exe: cannot find -lpthread
d:/3152sdk2022/sysroots/x86_64-pokysdk-mingw32/usr/bin/x86_64-pxc-linux/../../libexec/x86_64-pxc-linux/gcc/x86_64-pxc-linux/9.3.0/real-ld.exe: cannot find -lc
d:/3152sdk2022/sysroots/x86_64-pokysdk-mingw32/usr/bin/x86_64-pxc-linux/../../libexec/x86_64-pxc-linux/gcc/x86_64-pxc-linux/9.3.0/real-ld.exe: cannot find -lgcc_s
d:/3152sdk2022/sysroots/x86_64-pokysdk-mingw32/usr/bin/x86_64-pxc-linux/../../libexec/x86_64-pxc-linux/gcc/x86_64-pxc-linux/9.3.0/real-ld.exe: cannot find -lgcc
d:/3152sdk2022/sysroots/x86_64-pokysdk-mingw32/usr/bin/x86_64-pxc-linux/../../libexec/x86_64-pxc-linux/gcc/x86_64-pxc-linux/9.3.0/real-ld.exe: cannot find crtendS.o: No such file or directory
d:/3152sdk2022/sysroots/x86_64-pokysdk-mingw32/usr/bin/x86_64-pxc-linux/../../libexec/x86_64-pxc-linux/gcc/x86_64-pxc-linux/9.3.0/real-ld.exe: cannot find crtn.o: No such file or directory
collect2.exe: error: ld returned 1 exit status


